<?xml version="1.0" encoding="UTF-8"?>
<testng-results ignored="0" total="3" passed="3" failed="0" skipped="0">
  <reporter-output>
  </reporter-output>
  <suite started-at="2024-03-27T07:49:08 IST" name="Suite" finished-at="2024-03-27T07:49:08 IST" duration-ms="635">
    <groups>
      <group name="cucumber">
        <method signature="AbstractTestNGCucumberTests.runScenario(io.cucumber.testng.PickleWrapper,io.cucumber.testng.FeatureWrapper)[pri:0, instance:runner.Campaign_tag_RunnerClass@59309333]" name="runScenario" class="io.cucumber.testng.AbstractTestNGCucumberTests"/>
      </group> <!-- cucumber -->
    </groups>
    <test started-at="2024-03-27T07:49:08 IST" name="Test" finished-at="2024-03-27T07:49:08 IST" duration-ms="635">
      <class name="runner.Campaign_tag_RunnerClass">
        <test-method is-config="true" signature="setUpClass(org.testng.ITestContext)[pri:0, instance:runner.Campaign_tag_RunnerClass@59309333]" started-at="2024-03-27T07:49:08 IST" name="setUpClass" finished-at="2024-03-27T07:49:08 IST" duration-ms="284" status="PASS">
          <params>
            <param index="0">
              <value>
                <![CDATA[org.testng.TestRunner@797cf65c]]>
              </value>
            </param>
          </params>
          <reporter-output>
          </reporter-output>
        </test-method> <!-- setUpClass -->
        <test-method signature="runScenario(io.cucumber.testng.PickleWrapper,io.cucumber.testng.FeatureWrapper)[pri:0, instance:runner.Campaign_tag_RunnerClass@59309333]" started-at="2024-03-27T07:49:08 IST" name="runScenario" description="Runs Cucumber Scenarios" data-provider="scenarios" finished-at="2024-03-27T07:49:08 IST" duration-ms="129" status="PASS">
          <params>
            <param index="0">
              <value>
                <![CDATA["Drafts Campaign"]]>
              </value>
            </param>
            <param index="1">
              <value>
                <![CDATA["Campaign functionality"]]>
              </value>
            </param>
          </params>
          <reporter-output>
          </reporter-output>
        </test-method> <!-- runScenario -->
        <test-method signature="runScenario(io.cucumber.testng.PickleWrapper,io.cucumber.testng.FeatureWrapper)[pri:0, instance:runner.Campaign_tag_RunnerClass@59309333]" started-at="2024-03-27T07:49:08 IST" name="runScenario" description="Runs Cucumber Scenarios" data-provider="scenarios" finished-at="2024-03-27T07:49:08 IST" duration-ms="29" status="PASS">
          <params>
            <param index="0">
              <value>
                <![CDATA["Created Campaign"]]>
              </value>
            </param>
            <param index="1">
              <value>
                <![CDATA["Campaign functionality"]]>
              </value>
            </param>
          </params>
          <reporter-output>
          </reporter-output>
        </test-method> <!-- runScenario -->
        <test-method signature="runScenario(io.cucumber.testng.PickleWrapper,io.cucumber.testng.FeatureWrapper)[pri:0, instance:runner.Campaign_tag_RunnerClass@59309333]" started-at="2024-03-27T07:49:08 IST" name="runScenario" description="Runs Cucumber Scenarios" data-provider="scenarios" finished-at="2024-03-27T07:49:08 IST" duration-ms="116" status="PASS">
          <params>
            <param index="0">
              <value>
                <![CDATA["Sent Campaign"]]>
              </value>
            </param>
            <param index="1">
              <value>
                <![CDATA["Campaign functionality"]]>
              </value>
            </param>
          </params>
          <reporter-output>
          </reporter-output>
        </test-method> <!-- runScenario -->
        <test-method is-config="true" signature="tearDownClass()[pri:0, instance:runner.Campaign_tag_RunnerClass@59309333]" started-at="2024-03-27T07:49:08 IST" name="tearDownClass" finished-at="2024-03-27T07:49:08 IST" duration-ms="15" status="PASS">
          <reporter-output>
          </reporter-output>
        </test-method> <!-- tearDownClass -->
      </class> <!-- runner.Campaign_tag_RunnerClass -->
    </test> <!-- Test -->
  </suite> <!-- Suite -->
</testng-results>
