<?xml version="1.0" encoding="UTF-8"?>
<testng-results ignored="0" total="3" passed="3" failed="0" skipped="0">
  <reporter-output>
  </reporter-output>
  <suite started-at="2024-03-29T05:12:46 IST" name="Default suite" finished-at="2024-03-29T05:12:49 IST" duration-ms="3202">
    <groups>
      <group name="cucumber">
        <method signature="AbstractTestNGCucumberTests.runScenario(io.cucumber.testng.PickleWrapper,io.cucumber.testng.FeatureWrapper)[pri:0, instance:runner.Campaign_tag_RunnerClass@55141def]" name="runScenario" class="io.cucumber.testng.AbstractTestNGCucumberTests"/>
      </group> <!-- cucumber -->
    </groups>
    <test started-at="2024-03-29T05:12:46 IST" name="Default test" finished-at="2024-03-29T05:12:49 IST" duration-ms="3202">
      <class name="runner.Campaign_tag_RunnerClass">
        <test-method is-config="true" signature="setUpClass(org.testng.ITestContext)[pri:0, instance:runner.Campaign_tag_RunnerClass@55141def]" started-at="2024-03-29T05:12:46 IST" name="setUpClass" finished-at="2024-03-29T05:12:46 IST" duration-ms="563" status="PASS">
          <params>
            <param index="0">
              <value>
                <![CDATA[org.testng.TestRunner@1a5f7e7c]]>
              </value>
            </param>
          </params>
          <reporter-output>
          </reporter-output>
        </test-method> <!-- setUpClass -->
        <test-method signature="runScenario(io.cucumber.testng.PickleWrapper,io.cucumber.testng.FeatureWrapper)[pri:0, instance:runner.Campaign_tag_RunnerClass@55141def]" started-at="2024-03-29T05:12:46 IST" name="runScenario" description="Runs Cucumber Scenarios" data-provider="scenarios" finished-at="2024-03-29T05:12:46 IST" duration-ms="119" status="PASS">
          <params>
            <param index="0">
              <value>
                <![CDATA["Drafts Campaign"]]>
              </value>
            </param>
            <param index="1">
              <value>
                <![CDATA["Campaign functionality"]]>
              </value>
            </param>
          </params>
          <reporter-output>
          </reporter-output>
        </test-method> <!-- runScenario -->
        <test-method signature="runScenario(io.cucumber.testng.PickleWrapper,io.cucumber.testng.FeatureWrapper)[pri:0, instance:runner.Campaign_tag_RunnerClass@55141def]" started-at="2024-03-29T05:12:46 IST" name="runScenario" description="Runs Cucumber Scenarios" data-provider="scenarios" finished-at="2024-03-29T05:12:46 IST" duration-ms="34" status="PASS">
          <params>
            <param index="0">
              <value>
                <![CDATA["Created Campaign"]]>
              </value>
            </param>
            <param index="1">
              <value>
                <![CDATA["Campaign functionality"]]>
              </value>
            </param>
          </params>
          <reporter-output>
          </reporter-output>
        </test-method> <!-- runScenario -->
        <test-method signature="runScenario(io.cucumber.testng.PickleWrapper,io.cucumber.testng.FeatureWrapper)[pri:0, instance:runner.Campaign_tag_RunnerClass@55141def]" started-at="2024-03-29T05:12:46 IST" name="runScenario" description="Runs Cucumber Scenarios" data-provider="scenarios" finished-at="2024-03-29T05:12:47 IST" duration-ms="33" status="PASS">
          <params>
            <param index="0">
              <value>
                <![CDATA["Sent Campaign"]]>
              </value>
            </param>
            <param index="1">
              <value>
                <![CDATA["Campaign functionality"]]>
              </value>
            </param>
          </params>
          <reporter-output>
          </reporter-output>
        </test-method> <!-- runScenario -->
        <test-method is-config="true" signature="tearDownClass()[pri:0, instance:runner.Campaign_tag_RunnerClass@55141def]" started-at="2024-03-29T05:12:47 IST" name="tearDownClass" finished-at="2024-03-29T05:12:49 IST" duration-ms="2406" status="PASS">
          <reporter-output>
          </reporter-output>
        </test-method> <!-- tearDownClass -->
      </class> <!-- runner.Campaign_tag_RunnerClass -->
    </test> <!-- Default test -->
  </suite> <!-- Default suite -->
</testng-results>
